{"numFailedTestSuites":0,"numFailedTests":0,"numPassedTestSuites":8,"numPassedTests":58,"numPendingTestSuites":0,"numPendingTests":0,"numRuntimeErrorTestSuites":0,"numTodoTests":0,"numTotalTestSuites":8,"numTotalTests":58,"openHandles":[],"snapshot":{"added":0,"didUpdate":false,"failure":false,"filesAdded":0,"filesRemoved":0,"filesRemovedList":[],"filesUnmatched":0,"filesUpdated":0,"matched":0,"total":0,"unchecked":0,"uncheckedKeysByFile":[],"unmatched":0,"updated":0},"startTime":1780269577659,"success":true,"testResults":[{"assertionResults":[{"ancestorTitles":["Admin Tests","GET /api/users"],"duration":593,"failing":false,"failureDetails":[],"failureMessages":[],"fullName":"Admin Tests GET /api/users admin gets all users","invocations":1,"location":null,"numPassingAsserts":3,"retryReasons":[],"startAt":1780269590587,"status":"passed","title":"admin gets all users"},{"ancestorTitles":["Admin Tests","GET /api/users"],"duration":195,"failing":false,"failureDetails":[],"failureMessages":[],"fullName":"Admin Tests GET /api/users regular user gets 403","invocations":1,"location":null,"numPassingAsserts":1,"retryReasons":[],"startAt":1780269591182,"status":"passed","title":"regular user gets 403"},{"ancestorTitles":["Admin Tests","GET /api/users/dashboard-stats"],"duration":221,"failing":false,"failureDetails":[],"failureMessages":[],"fullName":"Admin Tests GET /api/users/dashboard-stats returns all required fields","invocations":1,"location":null,"numPassingAsserts":8,"retryReasons":[],"startAt":1780269591377,"status":"passed","title":"returns all required fields"},{"ancestorTitles":["Admin Tests","PUT /api/users/:id/role"],"duration":266,"failing":false,"failureDetails":[],"failureMessages":[],"fullName":"Admin Tests PUT /api/users/:id/role admin can change role","invocations":1,"location":null,"numPassingAsserts":3,"retryReasons":[],"startAt":1780269591599,"status":"passed","title":"admin can change role"},{"ancestorTitles":["Admin Tests","PUT /api/users/:id/role"],"duration":261,"failing":false,"failureDetails":[],"failureMessages":[],"fullName":"Admin Tests PUT /api/users/:id/role regular user gets 403","invocations":1,"location":null,"numPassingAsserts":1,"retryReasons":[],"startAt":1780269591865,"status":"passed","title":"regular user gets 403"}],"endTime":1780269592333,"message":"","name":"D:\\Graduation-Project\\Nabatech\\backend\\src\\tests\\admin.test.ts","startTime":1780269578613,"status":"passed","summary":""},{"assertionResults":[{"ancestorTitles":["Community Tests","GET /api/community/posts"],"duration":405,"failing":false,"failureDetails":[],"failureMessages":[],"fullName":"Community Tests GET /api/community/posts returns posts list","invocations":1,"location":null,"numPassingAsserts":3,"retryReasons":[],"startAt":1780269595615,"status":"passed","title":"returns posts list"},{"ancestorTitles":["Community Tests","GET /api/community/posts"],"duration":190,"failing":false,"failureDetails":[],"failureMessages":[],"fullName":"Community Tests GET /api/community/posts filters by category correctly","invocations":1,"location":null,"numPassingAsserts":3,"retryReasons":[],"startAt":1780269596020,"status":"passed","title":"filters by category correctly"},{"ancestorTitles":["Community Tests","POST /api/community/posts"],"duration":189,"failing":false,"failureDetails":[],"failureMessages":[],"fullName":"Community Tests POST /api/community/posts creates post with valid data","invocations":1,"location":null,"numPassingAsserts":3,"retryReasons":[],"startAt":1780269596210,"status":"passed","title":"creates post with valid data"},{"ancestorTitles":["Community Tests","POST /api/community/posts"],"duration":177,"failing":false,"failureDetails":[],"failureMessages":[],"fullName":"Community Tests POST /api/community/posts rejects title less than 5 chars","invocations":1,"location":null,"numPassingAsserts":1,"retryReasons":[],"startAt":1780269596400,"status":"passed","title":"rejects title less than 5 chars"},{"ancestorTitles":["Community Tests","POST /api/community/posts"],"duration":181,"failing":false,"failureDetails":[],"failureMessages":[],"fullName":"Community Tests POST /api/community/posts rejects content less than 10 chars","invocations":1,"location":null,"numPassingAsserts":1,"retryReasons":[],"startAt":1780269596578,"status":"passed","title":"rejects content less than 10 chars"},{"ancestorTitles":["Community Tests","POST /api/community/posts/:id/like"],"duration":199,"failing":false,"failureDetails":[],"failureMessages":[],"fullName":"Community Tests POST /api/community/posts/:id/like adds like then removes like on second call","invocations":1,"location":null,"numPassingAsserts":4,"retryReasons":[],"startAt":1780269596759,"status":"passed","title":"adds like then removes like on second call"},{"ancestorTitles":["Community Tests","POST /api/community/posts/:id/comments"],"duration":187,"failing":false,"failureDetails":[],"failureMessages":[],"fullName":"Community Tests POST /api/community/posts/:id/comments adds comment","invocations":1,"location":null,"numPassingAsserts":3,"retryReasons":[],"startAt":1780269596958,"status":"passed","title":"adds comment"},{"ancestorTitles":["Community Tests","POST /api/community/posts/:id/comments"],"duration":179,"failing":false,"failureDetails":[],"failureMessages":[],"fullName":"Community Tests POST /api/community/posts/:id/comments rejects empty comment","invocations":1,"location":null,"numPassingAsserts":1,"retryReasons":[],"startAt":1780269597146,"status":"passed","title":"rejects empty comment"}],"endTime":1780269597514,"message":"","name":"D:\\Graduation-Project\\Nabatech\\backend\\src\\tests\\community.test.ts","startTime":1780269592344,"status":"passed","summary":""},{"assertionResults":[{"ancestorTitles":["Diary API Endpoints","Authorization Security Checks"],"duration":381,"failing":false,"failureDetails":[],"failureMessages":[],"fullName":"Diary API Endpoints Authorization Security Checks should reject GET /api/diary if no token is provided","invocations":1,"location":null,"numPassingAsserts":2,"retryReasons":[],"startAt":1780269600241,"status":"passed","title":"should reject GET /api/diary if no token is provided"},{"ancestorTitles":["Diary API Endpoints","Authorization Security Checks"],"duration":179,"failing":false,"failureDetails":[],"failureMessages":[],"fullName":"Diary API Endpoints Authorization Security Checks should reject POST /api/diary if no token is provided","invocations":1,"location":null,"numPassingAsserts":2,"retryReasons":[],"startAt":1780269600622,"status":"passed","title":"should reject POST /api/diary if no token is provided"},{"ancestorTitles":["Diary API Endpoints","Authorization Security Checks"],"duration":170,"failing":false,"failureDetails":[],"failureMessages":[],"fullName":"Diary API Endpoints Authorization Security Checks should reject PUT /api/diary/:id if no token is provided","invocations":1,"location":null,"numPassingAsserts":1,"retryReasons":[],"startAt":1780269600801,"status":"passed","title":"should reject PUT /api/diary/:id if no token is provided"},{"ancestorTitles":["Diary API Endpoints","Authorization Security Checks"],"duration":171,"failing":false,"failureDetails":[],"failureMessages":[],"fullName":"Diary API Endpoints Authorization Security Checks should reject DELETE /api/diary/:id if no token is provided","invocations":1,"location":null,"numPassingAsserts":1,"retryReasons":[],"startAt":1780269600971,"status":"passed","title":"should reject DELETE /api/diary/:id if no token is provided"},{"ancestorTitles":["Diary API Endpoints","POST /api/diary"],"duration":184,"failing":false,"failureDetails":[],"failureMessages":[],"fullName":"Diary API Endpoints POST /api/diary should successfully create a new diary entry for authenticated user","invocations":1,"location":null,"numPassingAsserts":11,"retryReasons":[],"startAt":1780269601142,"status":"passed","title":"should successfully create a new diary entry for authenticated user"},{"ancestorTitles":["Diary API Endpoints","POST /api/diary"],"duration":177,"failing":false,"failureDetails":[],"failureMessages":[],"fullName":"Diary API Endpoints POST /api/diary should fail to create diary entry if required fields are missing","invocations":1,"location":null,"numPassingAsserts":2,"retryReasons":[],"startAt":1780269601326,"status":"passed","title":"should fail to create diary entry if required fields are missing"},{"ancestorTitles":["Diary API Endpoints","GET /api/diary"],"duration":197,"failing":false,"failureDetails":[],"failureMessages":[],"fullName":"Diary API Endpoints GET /api/diary should fetch all diary entries belonging only to the authenticated user","invocations":1,"location":null,"numPassingAsserts":4,"retryReasons":[],"startAt":1780269601504,"status":"passed","title":"should fetch all diary entries belonging only to the authenticated user"},{"ancestorTitles":["Diary API Endpoints","PUT /api/diary/:id"],"duration":194,"failing":false,"failureDetails":[],"failureMessages":[],"fullName":"Diary API Endpoints PUT /api/diary/:id should successfully update diary entry owned by the user","invocations":1,"location":null,"numPassingAsserts":7,"retryReasons":[],"startAt":1780269601701,"status":"passed","title":"should successfully update diary entry owned by the user"},{"ancestorTitles":["Diary API Endpoints","PUT /api/diary/:id"],"duration":190,"failing":false,"failureDetails":[],"failureMessages":[],"fullName":"Diary API Endpoints PUT /api/diary/:id should return 404 if user tries to update another user's diary entry","invocations":1,"location":null,"numPassingAsserts":3,"retryReasons":[],"startAt":1780269601896,"status":"passed","title":"should return 404 if user tries to update another user's diary entry"},{"ancestorTitles":["Diary API Endpoints","PUT /api/diary/:id"],"duration":185,"failing":false,"failureDetails":[],"failureMessages":[],"fullName":"Diary API Endpoints PUT /api/diary/:id should return 404 if the diary entry does not exist","invocations":1,"location":null,"numPassingAsserts":1,"retryReasons":[],"startAt":1780269602087,"status":"passed","title":"should return 404 if the diary entry does not exist"},{"ancestorTitles":["Diary API Endpoints","DELETE /api/diary/:id"],"duration":192,"failing":false,"failureDetails":[],"failureMessages":[],"fullName":"Diary API Endpoints DELETE /api/diary/:id should successfully delete a diary entry owned by the user","invocations":1,"location":null,"numPassingAsserts":4,"retryReasons":[],"startAt":1780269602273,"status":"passed","title":"should successfully delete a diary entry owned by the user"},{"ancestorTitles":["Diary API Endpoints","DELETE /api/diary/:id"],"duration":191,"failing":false,"failureDetails":[],"failureMessages":[],"fullName":"Diary API Endpoints DELETE /api/diary/:id should return 404/unauthorized when deleting another user's diary entry","invocations":1,"location":null,"numPassingAsserts":2,"retryReasons":[],"startAt":1780269602465,"status":"passed","title":"should return 404/unauthorized when deleting another user's diary entry"},{"ancestorTitles":["Diary API Endpoints","DELETE /api/diary/:id"],"duration":198,"failing":false,"failureDetails":[],"failureMessages":[],"fullName":"Diary API Endpoints DELETE /api/diary/:id should return 404 if diary entry does not exist","invocations":1,"location":null,"numPassingAsserts":1,"retryReasons":[],"startAt":1780269602656,"status":"passed","title":"should return 404 if diary entry does not exist"}],"endTime":1780269603043,"message":"","name":"D:\\Graduation-Project\\Nabatech\\backend\\src\\tests\\diary.test.ts","startTime":1780269597524,"status":"passed","summary":""},{"assertionResults":[{"ancestorTitles":["My Plants Tests","GET /api/my-plants"],"duration":469,"failing":false,"failureDetails":[],"failureMessages":[],"fullName":"My Plants Tests GET /api/my-plants returns user's plants only (not other users)","invocations":1,"location":null,"numPassingAsserts":3,"retryReasons":[],"startAt":1780269605802,"status":"passed","title":"returns user's plants only (not other users)"},{"ancestorTitles":["My Plants Tests","GET /api/my-plants"],"duration":183,"failing":false,"failureDetails":[],"failureMessages":[],"fullName":"My Plants Tests GET /api/my-plants returns empty array if no plants","invocations":1,"location":null,"numPassingAsserts":2,"retryReasons":[],"startAt":1780269606271,"status":"passed","title":"returns empty array if no plants"},{"ancestorTitles":["My Plants Tests","POST /api/my-plants"],"duration":180,"failing":false,"failureDetails":[],"failureMessages":[],"fullName":"My Plants Tests POST /api/my-plants creates plant with valid data","invocations":1,"location":null,"numPassingAsserts":3,"retryReasons":[],"startAt":1780269606454,"status":"passed","title":"creates plant with valid data"},{"ancestorTitles":["My Plants Tests","POST /api/my-plants"],"duration":181,"failing":false,"failureDetails":[],"failureMessages":[],"fullName":"My Plants Tests POST /api/my-plants rejects missing name","invocations":1,"location":null,"numPassingAsserts":1,"retryReasons":[],"startAt":1780269606634,"status":"passed","title":"rejects missing name"},{"ancestorTitles":["My Plants Tests","POST /api/my-plants"],"duration":178,"failing":false,"failureDetails":[],"failureMessages":[],"fullName":"My Plants Tests POST /api/my-plants rejects invalid location value","invocations":1,"location":null,"numPassingAsserts":1,"retryReasons":[],"startAt":1780269606815,"status":"passed","title":"rejects invalid location value"},{"ancestorTitles":["My Plants Tests","PUT /api/my-plants/:id"],"duration":187,"failing":false,"failureDetails":[],"failureMessages":[],"fullName":"My Plants Tests PUT /api/my-plants/:id updates own plant","invocations":1,"location":null,"numPassingAsserts":2,"retryReasons":[],"startAt":1780269606994,"status":"passed","title":"updates own plant"},{"ancestorTitles":["My Plants Tests","PUT /api/my-plants/:id"],"duration":271,"failing":false,"failureDetails":[],"failureMessages":[],"fullName":"My Plants Tests PUT /api/my-plants/:id rejects updating another user's plant","invocations":1,"location":null,"numPassingAsserts":1,"retryReasons":[],"startAt":1780269607181,"status":"passed","title":"rejects updating another user's plant"},{"ancestorTitles":["My Plants Tests","DELETE /api/my-plants/:id"],"duration":172,"failing":false,"failureDetails":[],"failureMessages":[],"fullName":"My Plants Tests DELETE /api/my-plants/:id deletes own plant","invocations":1,"location":null,"numPassingAsserts":2,"retryReasons":[],"startAt":1780269607453,"status":"passed","title":"deletes own plant"},{"ancestorTitles":["My Plants Tests","DELETE /api/my-plants/:id"],"duration":258,"failing":false,"failureDetails":[],"failureMessages":[],"fullName":"My Plants Tests DELETE /api/my-plants/:id rejects deleting another user's plant","invocations":1,"location":null,"numPassingAsserts":1,"retryReasons":[],"startAt":1780269607626,"status":"passed","title":"rejects deleting another user's plant"},{"ancestorTitles":["My Plants Tests","POST /api/my-plants/:id/water"],"duration":198,"failing":false,"failureDetails":[],"failureMessages":[],"fullName":"My Plants Tests POST /api/my-plants/:id/water updates lastWatered timestamp","invocations":1,"location":null,"numPassingAsserts":2,"retryReasons":[],"startAt":1780269607884,"status":"passed","title":"updates lastWatered timestamp"}],"endTime":1780269608300,"message":"","name":"D:\\Graduation-Project\\Nabatech\\backend\\src\\tests\\my_plants.test.ts","startTime":1780269603085,"status":"passed","summary":""},{"assertionResults":[{"ancestorTitles":["Auth Tests","POST /api/auth/register"],"duration":319,"failing":false,"failureDetails":[],"failureMessages":[],"fullName":"Auth Tests POST /api/auth/register creates user with valid data","invocations":1,"location":null,"numPassingAsserts":4,"retryReasons":[],"startAt":1780269611031,"status":"passed","title":"creates user with valid data"},{"ancestorTitles":["Auth Tests","POST /api/auth/register"],"duration":155,"failing":false,"failureDetails":[],"failureMessages":[],"fullName":"Auth Tests POST /api/auth/register rejects duplicate email","invocations":1,"location":null,"numPassingAsserts":2,"retryReasons":[],"startAt":1780269611351,"status":"passed","title":"rejects duplicate email"},{"ancestorTitles":["Auth Tests","POST /api/auth/register"],"duration":22,"failing":false,"failureDetails":[],"failureMessages":[],"fullName":"Auth Tests POST /api/auth/register rejects missing required fields","invocations":1,"location":null,"numPassingAsserts":2,"retryReasons":[],"startAt":1780269611506,"status":"passed","title":"rejects missing required fields"},{"ancestorTitles":["Auth Tests","POST /api/auth/register"],"duration":21,"failing":false,"failureDetails":[],"failureMessages":[],"fullName":"Auth Tests POST /api/auth/register rejects weak password (less than 6 chars)","invocations":1,"location":null,"numPassingAsserts":2,"retryReasons":[],"startAt":1780269611529,"status":"passed","title":"rejects weak password (less than 6 chars)"},{"ancestorTitles":["Auth Tests","POST /api/auth/login"],"duration":176,"failing":false,"failureDetails":[],"failureMessages":[],"fullName":"Auth Tests POST /api/auth/login returns JWT token with valid credentials","invocations":1,"location":null,"numPassingAsserts":3,"retryReasons":[],"startAt":1780269611550,"status":"passed","title":"returns JWT token with valid credentials"},{"ancestorTitles":["Auth Tests","POST /api/auth/login"],"duration":164,"failing":false,"failureDetails":[],"failureMessages":[],"fullName":"Auth Tests POST /api/auth/login rejects wrong password","invocations":1,"location":null,"numPassingAsserts":2,"retryReasons":[],"startAt":1780269611726,"status":"passed","title":"rejects wrong password"},{"ancestorTitles":["Auth Tests","POST /api/auth/login"],"duration":24,"failing":false,"failureDetails":[],"failureMessages":[],"fullName":"Auth Tests POST /api/auth/login rejects non-existent email","invocations":1,"location":null,"numPassingAsserts":2,"retryReasons":[],"startAt":1780269611890,"status":"passed","title":"rejects non-existent email"},{"ancestorTitles":["Auth Tests","GET /api/users/me"],"duration":176,"failing":false,"failureDetails":[],"failureMessages":[],"fullName":"Auth Tests GET /api/users/me returns profile with valid token","invocations":1,"location":null,"numPassingAsserts":3,"retryReasons":[],"startAt":1780269611914,"status":"passed","title":"returns profile with valid token"},{"ancestorTitles":["Auth Tests","GET /api/users/me"],"duration":23,"failing":false,"failureDetails":[],"failureMessages":[],"fullName":"Auth Tests GET /api/users/me returns 401 without token","invocations":1,"location":null,"numPassingAsserts":1,"retryReasons":[],"startAt":1780269612090,"status":"passed","title":"returns 401 without token"}],"endTime":1780269612294,"message":"","name":"D:\\Graduation-Project\\Nabatech\\backend\\src\\tests\\auth.test.ts","startTime":1780269608309,"status":"passed","summary":""},{"assertionResults":[{"ancestorTitles":["Plant Library Tests","GET /api/plant-library/plants"],"duration":252,"failing":false,"failureDetails":[],"failureMessages":[],"fullName":"Plant Library Tests GET /api/plant-library/plants returns plants list (public, no auth needed)","invocations":1,"location":null,"numPassingAsserts":4,"retryReasons":[],"startAt":1780269614867,"status":"passed","title":"returns plants list (public, no auth needed)"},{"ancestorTitles":["Plant Library Tests","GET /api/plant-library/plants"],"duration":72,"failing":false,"failureDetails":[],"failureMessages":[],"fullName":"Plant Library Tests GET /api/plant-library/plants returns 23 plants after seeding","invocations":1,"location":null,"numPassingAsserts":2,"retryReasons":[],"startAt":1780269615119,"status":"passed","title":"returns 23 plants after seeding"},{"ancestorTitles":["Plant Library Tests","POST /api/plant-library/plants"],"duration":204,"failing":false,"failureDetails":[],"failureMessages":[],"fullName":"Plant Library Tests POST /api/plant-library/plants admin can add plant","invocations":1,"location":null,"numPassingAsserts":2,"retryReasons":[],"startAt":1780269615191,"status":"passed","title":"admin can add plant"},{"ancestorTitles":["Plant Library Tests","POST /api/plant-library/plants"],"duration":172,"failing":false,"failureDetails":[],"failureMessages":[],"fullName":"Plant Library Tests POST /api/plant-library/plants regular user gets 403","invocations":1,"location":null,"numPassingAsserts":1,"retryReasons":[],"startAt":1780269615395,"status":"passed","title":"regular user gets 403"},{"ancestorTitles":["Plant Library Tests","DELETE /api/plant-library/plants/:id"],"duration":171,"failing":false,"failureDetails":[],"failureMessages":[],"fullName":"Plant Library Tests DELETE /api/plant-library/plants/:id admin can delete","invocations":1,"location":null,"numPassingAsserts":2,"retryReasons":[],"startAt":1780269615567,"status":"passed","title":"admin can delete"},{"ancestorTitles":["Plant Library Tests","DELETE /api/plant-library/plants/:id"],"duration":181,"failing":false,"failureDetails":[],"failureMessages":[],"fullName":"Plant Library Tests DELETE /api/plant-library/plants/:id regular user gets 403","invocations":1,"location":null,"numPassingAsserts":1,"retryReasons":[],"startAt":1780269615738,"status":"passed","title":"regular user gets 403"}],"endTime":1780269616173,"message":"","name":"D:\\Graduation-Project\\Nabatech\\backend\\src\\tests\\plant_library.test.ts","startTime":1780269612304,"status":"passed","summary":""},{"assertionResults":[{"ancestorTitles":["Dashboard Stats API Endpoints","GET /api/users/dashboard-stats"],"duration":442,"failing":false,"failureDetails":[],"failureMessages":[],"fullName":"Dashboard Stats API Endpoints GET /api/users/dashboard-stats should reject access if no token is provided","invocations":1,"location":null,"numPassingAsserts":1,"retryReasons":[],"startAt":1780269618712,"status":"passed","title":"should reject access if no token is provided"},{"ancestorTitles":["Dashboard Stats API Endpoints","GET /api/users/dashboard-stats"],"duration":248,"failing":false,"failureDetails":[],"failureMessages":[],"fullName":"Dashboard Stats API Endpoints GET /api/users/dashboard-stats should reject access (403 Forbidden) if a standard user tries to fetch dashboard stats","invocations":1,"location":null,"numPassingAsserts":3,"retryReasons":[],"startAt":1780269619154,"status":"passed","title":"should reject access (403 Forbidden) if a standard user tries to fetch dashboard stats"},{"ancestorTitles":["Dashboard Stats API Endpoints","GET /api/users/dashboard-stats"],"duration":287,"failing":false,"failureDetails":[],"failureMessages":[],"fullName":"Dashboard Stats API Endpoints GET /api/users/dashboard-stats should successfully return all metrics, daily counts, and breakdown charts for authenticated admin","invocations":1,"location":null,"numPassingAsserts":21,"retryReasons":[],"startAt":1780269619402,"status":"passed","title":"should successfully return all metrics, daily counts, and breakdown charts for authenticated admin"}],"endTime":1780269619883,"message":"","name":"D:\\Graduation-Project\\Nabatech\\backend\\src\\tests\\dashboard.test.ts","startTime":1780269616182,"status":"passed","summary":""},{"assertionResults":[{"ancestorTitles":["Diagnosis Predict API Endpoints","POST /api/diagnosis/predict"],"duration":301,"failing":false,"failureDetails":[],"failureMessages":[],"fullName":"Diagnosis Predict API Endpoints POST /api/diagnosis/predict should reject request if no token is provided","invocations":1,"location":null,"numPassingAsserts":2,"retryReasons":[],"startAt":1780269622764,"status":"passed","title":"should reject request if no token is provided"},{"ancestorTitles":["Diagnosis Predict API Endpoints","POST /api/diagnosis/predict"],"duration":105,"failing":false,"failureDetails":[],"failureMessages":[],"fullName":"Diagnosis Predict API Endpoints POST /api/diagnosis/predict should fail if no file is uploaded in the request","invocations":1,"location":null,"numPassingAsserts":2,"retryReasons":[],"startAt":1780269623066,"status":"passed","title":"should fail if no file is uploaded in the request"},{"ancestorTitles":["Diagnosis Predict API Endpoints","POST /api/diagnosis/predict"],"duration":116,"failing":false,"failureDetails":[],"failureMessages":[],"fullName":"Diagnosis Predict API Endpoints POST /api/diagnosis/predict should successfully upload to Cloudinary, proxy to CNN space, and save diagnosis to DB history","invocations":1,"location":null,"numPassingAsserts":10,"retryReasons":[],"startAt":1780269623171,"status":"passed","title":"should successfully upload to Cloudinary, proxy to CNN space, and save diagnosis to DB history"},{"ancestorTitles":["Diagnosis Predict API Endpoints","POST /api/diagnosis/predict"],"duration":110,"failing":false,"failureDetails":[],"failureMessages":[],"fullName":"Diagnosis Predict API Endpoints POST /api/diagnosis/predict should bubble up a 500 error if the Hugging Face CNN space request fails","invocations":1,"location":null,"numPassingAsserts":2,"retryReasons":[],"startAt":1780269623287,"status":"passed","title":"should bubble up a 500 error if the Hugging Face CNN space request fails"}],"endTime":1780269623577,"message":"","name":"D:\\Graduation-Project\\Nabatech\\backend\\src\\tests\\diagnosis.test.ts","startTime":1780269619895,"status":"passed","summary":""}],"wasInterrupted":false}
